

Microchip Technology PIC18 LITE Macro Assembler V1.43 build -156212558 
                                                                                               Fri Sep 08 12:09:36 2017

Microchip Technology Omniscient Code Generator v1.43 (Free mode) build 201707250354
     1                           	processor	18F46K22
     2                           	fnconf	rparam,??,?,0
     3                           	opt	pw 120
     4                           	opt	lm
     5                           	psect	cinit,global,reloc=2,class=CODE,delta=1
     6                           	psect	cstackCOMRAM,global,class=COMRAM,space=1,delta=1,noexec
     7                           	psect	text0,global,reloc=2,class=CODE,delta=1
     8                           	psect	text1,global,reloc=2,class=CODE,delta=1
     9                           	psect	text2,global,reloc=2,class=CODE,delta=1
    10                           	psect	text3,global,reloc=2,class=CODE,delta=1
    11                           	psect	intsave_regs,global,class=BIGRAM,space=1,delta=1,noexec
    12                           	psect	rparam,global,class=COMRAM,space=1,delta=1,noexec
    13  0000                     
    14                           ; Version 1.43
    15                           ; Generated 25/07/2017 GMT
    16                           ; 
    17                           ; Copyright © 2017, Microchip Technology Inc. and its subsidiaries ("Microchip")
    18                           ; All rights reserved.
    19                           ; 
    20                           ; This software is developed by Microchip Technology Inc. and its subsidiaries ("Microch
      +                          ip").
    21                           ; 
    22                           ; Redistribution and use in source and binary forms, with or without modification, are
    23                           ; permitted provided that the following conditions are met:
    24                           ; 
    25                           ;     1. Redistributions of source code must retain the above copyright notice, this lis
      +                          t of
    26                           ;        conditions and the following disclaimer.
    27                           ; 
    28                           ;     2. Redistributions in binary form must reproduce the above copyright notice, this 
      +                          list
    29                           ;        of conditions and the following disclaimer in the documentation and/or other
    30                           ;        materials provided with the distribution.
    31                           ; 
    32                           ;     3. Microchip's name may not be used to endorse or promote products derived from th
      +                          is
    33                           ;        software without specific prior written permission.
    34                           ; 
    35                           ; THIS SOFTWARE IS PROVIDED BY MICROCHIP "AS IS" AND ANY EXPRESS OR IMPLIED WARRANTIES,
    36                           ; INCLUDING, BUT NOT LIMITED TO, THE IMPLIED WARRANTIES OF MERCHANTABILITY AND FITNESS F
      +                          OR
    37                           ; PURPOSE ARE DISCLAIMED.  IN NO EVENT SHALL MICROCHIP BE LIABLE FOR ANY DIRECT, INDIREC
      +                          T,
    38                           ; INCIDENTAL, SPECIAL, EXEMPLARY, OR CONSEQUENTIAL DAMAGES (INCLUDING BUT NOT LIMITED TO
    39                           ; PROCUREMENT OF SUBSTITUTE GOODS OR SERVICES; LOSS OF USE, DATA OR PROFITS; OR BUSINESS
    40                           ; INTERRUPTION) HOWSOEVER CAUSED AND ON ANY THEORY OF LIABILITY, WHETHER IN CONTRACT, ST
      +                          RICT
    41                           ; LIABILITY, OR TORT (INCLUDING NEGLIGENCE OR OTHERWISE) ARISING IN ANY WAY OUT OF THE U
      +                          SE OF
    42                           ; THIS SOFTWARE, EVEN IF ADVISED OF THE POSSIBILITY OF SUCH DAMAGE.
    43                           ; 
    44                           ; 
    45                           ; Code-generator required, PIC18F46K22 Definitions
    46                           ; 
    47                           ; SFR Addresses
    48  0000                     _ANSELA	set	3896
    49  0000                     _ANSELE	set	3900
    50  0000                     _ANSELD	set	3899
    51  0000                     _ANSELB	set	3897
    52  0000                     _ANSELC	set	3898
    53  0000                     _LATDbits	set	3980
    54  0000                     _INTCON2bits	set	4081
    55  0000                     _WPUB	set	3937
    56  0000                     _TRISD	set	3989
    57  0000                     _TRISC	set	3988
    58  0000                     _TRISB	set	3987
    59  0000                     _TRISA	set	3986
    60  0000                     _TRISE	set	3990
    61  0000                     _LATC	set	3979
    62  0000                     _LATB	set	3978
    63  0000                     _LATA	set	3977
    64  0000                     _LATD	set	3980
    65  0000                     _LATE	set	3981
    66  0000                     _OSCTUNE	set	3995
    67  0000                     _OSCCON2	set	4050
    68  0000                     _OSCCON	set	4051
    69  0000                     _PLLRDY	set	32407
    70                           
    71                           ; #config settings
    72  0000                     
    73                           	psect	cinit
    74  00FB5E                     __pcinit:
    75                           	opt stack 0
    76  00FB5E                     start_initialization:
    77                           	opt stack 0
    78  00FB5E                     __initialization:
    79                           	opt stack 0
    80  00FB5E                     end_of_initialization:
    81                           	opt stack 0
    82  00FB5E                     __end_of__initialization:
    83                           	opt stack 0
    84  00FB5E  0100               	movlb	0
    85  00FB60  EFC0  F07D         	goto	_main	;jump to C main() function
    86                           
    87                           	psect	cstackCOMRAM
    88  000001                     __pcstackCOMRAM:
    89                           	opt stack 0
    90  000001                     ??_main:
    91                           
    92                           ; 1 bytes @ 0x0
    93  000001                     	ds	2
    94                           
    95 ;;
    96 ;;Main: autosize = 0, tempsize = 2, incstack = 0, save=0
    97 ;;
    98 ;; *************** function _main *****************
    99 ;; Defined at:
   100 ;;		line 51 in file "main.c"
   101 ;; Parameters:    Size  Location     Type
   102 ;;		None
   103 ;; Auto vars:     Size  Location     Type
   104 ;;		None
   105 ;; Return value:  Size  Location     Type
   106 ;;                  1    wreg      void 
   107 ;; Registers used:
   108 ;;		wreg, status,2, cstack
   109 ;; Tracked objects:
   110 ;;		On entry : 0/0
   111 ;;		On exit  : 0/0
   112 ;;		Unchanged: 0/0
   113 ;; Data sizes:     COMRAM   BANK0   BANK1   BANK2   BANK3   BANK4   BANK5   BANK6   BANK7   BANK8   BANK9  BANK10  BANK1
      +1  BANK12  BANK13  BANK14  BANK15
   114 ;;      Params:         0       0       0       0       0       0       0       0       0       0       0       0       
      +0       0       0       0       0
   115 ;;      Locals:         0       0       0       0       0       0       0       0       0       0       0       0       
      +0       0       0       0       0
   116 ;;      Temps:          2       0       0       0       0       0       0       0       0       0       0       0       
      +0       0       0       0       0
   117 ;;      Totals:         2       0       0       0       0       0       0       0       0       0       0       0       
      +0       0       0       0       0
   118 ;;Total ram usage:        2 bytes
   119 ;; Hardware stack levels required when called:    2
   120 ;; This function calls:
   121 ;;		_SYSTEM_Initialize
   122 ;; This function is called by:
   123 ;;		Startup code after reset
   124 ;; This function uses a non-reentrant model
   125 ;;
   126                           
   127                           	psect	text0
   128  00FB80                     __ptext0:
   129                           	opt stack 0
   130  00FB80                     _main:
   131                           	opt stack 29
   132                           
   133                           ;main.c: 54: SYSTEM_Initialize();
   134                           
   135                           ;incstack = 0
   136  00FB80  ECB2  F07D         	call	_SYSTEM_Initialize	;wreg free
   137  00FB84                     
   138                           ;main.c: 85: {
   139                           ;main.c: 87: do { LATDbits.LATD0 = 1; } while(0);
   140  00FB84  808C               	bsf	3980,0,c	;volatile
   141                           
   142                           ;main.c: 88: _delay((unsigned long)((200)*(32000000/4000.0)));
   143  00FB86  0E09               	movlw	9
   144  00FB88  6E02               	movwf	(??_main+1)& (0+255),c
   145  00FB8A  0E1E               	movlw	30
   146  00FB8C  6E01               	movwf	??_main& (0+255),c
   147  00FB8E  0EE4               	movlw	228
   148  00FB90                     u27:
   149  00FB90  2EE8               	decfsz	wreg,f,c
   150  00FB92  D7FE               	bra	u27
   151  00FB94  2E01               	decfsz	??_main& (0+255),f,c
   152  00FB96  D7FC               	bra	u27
   153  00FB98  2E02               	decfsz	(??_main+1)& (0+255),f,c
   154  00FB9A  D7FA               	bra	u27
   155  00FB9C  D000               	nop2	
   156                           
   157                           ;main.c: 89: do { LATDbits.LATD0 = 0; } while(0);
   158  00FB9E  908C               	bcf	3980,0,c	;volatile
   159                           
   160                           ;main.c: 90: _delay((unsigned long)((200)*(32000000/4000.0)));
   161  00FBA0  0E09               	movlw	9
   162  00FBA2  6E02               	movwf	(??_main+1)& (0+255),c
   163  00FBA4  0E1E               	movlw	30
   164  00FBA6  6E01               	movwf	??_main& (0+255),c
   165  00FBA8  0EE4               	movlw	228
   166  00FBAA                     u37:
   167  00FBAA  2EE8               	decfsz	wreg,f,c
   168  00FBAC  D7FE               	bra	u37
   169  00FBAE  2E01               	decfsz	??_main& (0+255),f,c
   170  00FBB0  D7FC               	bra	u37
   171  00FBB2  2E02               	decfsz	(??_main+1)& (0+255),f,c
   172  00FBB4  D7FA               	bra	u37
   173  00FBB6  D000               	nop2	
   174  00FBB8  D7E5               	goto	l72
   175  00FBBA                     __end_of_main:
   176                           	opt stack 0
   177                           wreg	equ	0xFE8
   178                           
   179 ;; *************** function _SYSTEM_Initialize *****************
   180 ;; Defined at:
   181 ;;		line 111 in file "mcc_generated_files/mcc.c"
   182 ;; Parameters:    Size  Location     Type
   183 ;;		None
   184 ;; Auto vars:     Size  Location     Type
   185 ;;		None
   186 ;; Return value:  Size  Location     Type
   187 ;;                  1    wreg      void 
   188 ;; Registers used:
   189 ;;		wreg, status,2, cstack
   190 ;; Tracked objects:
   191 ;;		On entry : 0/0
   192 ;;		On exit  : 0/0
   193 ;;		Unchanged: 0/0
   194 ;; Data sizes:     COMRAM   BANK0   BANK1   BANK2   BANK3   BANK4   BANK5   BANK6   BANK7   BANK8   BANK9  BANK10  BANK1
      +1  BANK12  BANK13  BANK14  BANK15
   195 ;;      Params:         0       0       0       0       0       0       0       0       0       0       0       0       
      +0       0       0       0       0
   196 ;;      Locals:         0       0       0       0       0       0       0       0       0       0       0       0       
      +0       0       0       0       0
   197 ;;      Temps:          0       0       0       0       0       0       0       0       0       0       0       0       
      +0       0       0       0       0
   198 ;;      Totals:         0       0       0       0       0       0       0       0       0       0       0       0       
      +0       0       0       0       0
   199 ;;Total ram usage:        0 bytes
   200 ;; Hardware stack levels used:    1
   201 ;; Hardware stack levels required when called:    1
   202 ;; This function calls:
   203 ;;		_OSCILLATOR_Initialize
   204 ;;		_PIN_MANAGER_Initialize
   205 ;; This function is called by:
   206 ;;		_main
   207 ;; This function uses a non-reentrant model
   208 ;;
   209                           
   210                           	psect	text1
   211  00FB64                     __ptext1:
   212                           	opt stack 0
   213  00FB64                     _SYSTEM_Initialize:
   214                           	opt stack 29
   215                           
   216                           ;mcc.c: 114: PIN_MANAGER_Initialize();
   217                           
   218                           ;incstack = 0
   219  00FB64  ECDD  F07D         	call	_PIN_MANAGER_Initialize	;wreg free
   220                           
   221                           ;mcc.c: 115: OSCILLATOR_Initialize();
   222  00FB68  ECB7  F07D         	call	_OSCILLATOR_Initialize	;wreg free
   223  00FB6C  0012               	return		;funcret
   224  00FB6E                     __end_of_SYSTEM_Initialize:
   225                           	opt stack 0
   226                           wreg	equ	0xFE8
   227                           
   228 ;; *************** function _PIN_MANAGER_Initialize *****************
   229 ;; Defined at:
   230 ;;		line 52 in file "mcc_generated_files/pin_manager.c"
   231 ;; Parameters:    Size  Location     Type
   232 ;;		None
   233 ;; Auto vars:     Size  Location     Type
   234 ;;		None
   235 ;; Return value:  Size  Location     Type
   236 ;;                  1    wreg      void 
   237 ;; Registers used:
   238 ;;		wreg, status,2
   239 ;; Tracked objects:
   240 ;;		On entry : 0/0
   241 ;;		On exit  : 0/0
   242 ;;		Unchanged: 0/0
   243 ;; Data sizes:     COMRAM   BANK0   BANK1   BANK2   BANK3   BANK4   BANK5   BANK6   BANK7   BANK8   BANK9  BANK10  BANK1
      +1  BANK12  BANK13  BANK14  BANK15
   244 ;;      Params:         0       0       0       0       0       0       0       0       0       0       0       0       
      +0       0       0       0       0
   245 ;;      Locals:         0       0       0       0       0       0       0       0       0       0       0       0       
      +0       0       0       0       0
   246 ;;      Temps:          0       0       0       0       0       0       0       0       0       0       0       0       
      +0       0       0       0       0
   247 ;;      Totals:         0       0       0       0       0       0       0       0       0       0       0       0       
      +0       0       0       0       0
   248 ;;Total ram usage:        0 bytes
   249 ;; Hardware stack levels used:    1
   250 ;; This function calls:
   251 ;;		Nothing
   252 ;; This function is called by:
   253 ;;		_SYSTEM_Initialize
   254 ;; This function uses a non-reentrant model
   255 ;;
   256                           
   257                           	psect	text2
   258  00FBBA                     __ptext2:
   259                           	opt stack 0
   260  00FBBA                     _PIN_MANAGER_Initialize:
   261                           	opt stack 29
   262                           
   263                           ;pin_manager.c: 57: LATE = 0x00;
   264                           
   265                           ;incstack = 0
   266  00FBBA  0E00               	movlw	0
   267  00FBBC  6E8D               	movwf	3981,c	;volatile
   268                           
   269                           ;pin_manager.c: 58: LATD = 0x00;
   270  00FBBE  0E00               	movlw	0
   271  00FBC0  6E8C               	movwf	3980,c	;volatile
   272                           
   273                           ;pin_manager.c: 59: LATA = 0x00;
   274  00FBC2  0E00               	movlw	0
   275  00FBC4  6E89               	movwf	3977,c	;volatile
   276                           
   277                           ;pin_manager.c: 60: LATB = 0x00;
   278  00FBC6  0E00               	movlw	0
   279  00FBC8  6E8A               	movwf	3978,c	;volatile
   280                           
   281                           ;pin_manager.c: 61: LATC = 0x00;
   282  00FBCA  0E00               	movlw	0
   283  00FBCC  6E8B               	movwf	3979,c	;volatile
   284                           
   285                           ;pin_manager.c: 66: TRISE = 0x07;
   286  00FBCE  0E07               	movlw	7
   287  00FBD0  6E96               	movwf	3990,c	;volatile
   288                           
   289                           ;pin_manager.c: 67: TRISA = 0xFF;
   290  00FBD2  6892               	setf	3986,c	;volatile
   291                           
   292                           ;pin_manager.c: 68: TRISB = 0xFF;
   293  00FBD4  6893               	setf	3987,c	;volatile
   294                           
   295                           ;pin_manager.c: 69: TRISC = 0xFF;
   296  00FBD6  6894               	setf	3988,c	;volatile
   297                           
   298                           ;pin_manager.c: 70: TRISD = 0xFE;
   299  00FBD8  0EFE               	movlw	254
   300  00FBDA  6E95               	movwf	3989,c	;volatile
   301                           
   302                           ;pin_manager.c: 75: ANSELC = 0xFC;
   303  00FBDC  0EFC               	movlw	252
   304  00FBDE  010F               	movlb	15	; () banked
   305  00FBE0  6F3A               	movwf	58,b	;volatile
   306                           
   307                           ;pin_manager.c: 76: ANSELB = 0x3F;
   308  00FBE2  0E3F               	movlw	63
   309  00FBE4  010F               	movlb	15	; () banked
   310  00FBE6  6F39               	movwf	57,b	;volatile
   311                           
   312                           ;pin_manager.c: 77: ANSELD = 0xFE;
   313  00FBE8  0EFE               	movlw	254
   314  00FBEA  010F               	movlb	15	; () banked
   315  00FBEC  6F3B               	movwf	59,b	;volatile
   316                           
   317                           ;pin_manager.c: 78: ANSELE = 0x07;
   318  00FBEE  0E07               	movlw	7
   319  00FBF0  010F               	movlb	15	; () banked
   320  00FBF2  6F3C               	movwf	60,b	;volatile
   321                           
   322                           ;pin_manager.c: 79: ANSELA = 0x2F;
   323  00FBF4  0E2F               	movlw	47
   324  00FBF6  010F               	movlb	15	; () banked
   325  00FBF8  6F38               	movwf	56,b	;volatile
   326                           
   327                           ; BSR set to: 15
   328                           ;pin_manager.c: 84: WPUB = 0xFF;
   329  00FBFA  6861               	setf	3937,c	;volatile
   330                           
   331                           ; BSR set to: 15
   332                           ;pin_manager.c: 85: INTCON2bits.nRBPU = 0;
   333  00FBFC  9EF1               	bcf	intcon2,7,c	;volatile
   334                           
   335                           ; BSR set to: 15
   336  00FBFE  0012               	return		;funcret
   337  00FC00                     __end_of_PIN_MANAGER_Initialize:
   338                           	opt stack 0
   339                           intcon2	equ	0xFF1
   340                           wreg	equ	0xFE8
   341                           
   342 ;; *************** function _OSCILLATOR_Initialize *****************
   343 ;; Defined at:
   344 ;;		line 118 in file "mcc_generated_files/mcc.c"
   345 ;; Parameters:    Size  Location     Type
   346 ;;		None
   347 ;; Auto vars:     Size  Location     Type
   348 ;;		None
   349 ;; Return value:  Size  Location     Type
   350 ;;                  1    wreg      void 
   351 ;; Registers used:
   352 ;;		wreg, status,2
   353 ;; Tracked objects:
   354 ;;		On entry : 0/0
   355 ;;		On exit  : 0/0
   356 ;;		Unchanged: 0/0
   357 ;; Data sizes:     COMRAM   BANK0   BANK1   BANK2   BANK3   BANK4   BANK5   BANK6   BANK7   BANK8   BANK9  BANK10  BANK1
      +1  BANK12  BANK13  BANK14  BANK15
   358 ;;      Params:         0       0       0       0       0       0       0       0       0       0       0       0       
      +0       0       0       0       0
   359 ;;      Locals:         0       0       0       0       0       0       0       0       0       0       0       0       
      +0       0       0       0       0
   360 ;;      Temps:          0       0       0       0       0       0       0       0       0       0       0       0       
      +0       0       0       0       0
   361 ;;      Totals:         0       0       0       0       0       0       0       0       0       0       0       0       
      +0       0       0       0       0
   362 ;;Total ram usage:        0 bytes
   363 ;; Hardware stack levels used:    1
   364 ;; This function calls:
   365 ;;		Nothing
   366 ;; This function is called by:
   367 ;;		_SYSTEM_Initialize
   368 ;; This function uses a non-reentrant model
   369 ;;
   370                           
   371                           	psect	text3
   372  00FB6E                     __ptext3:
   373                           	opt stack 0
   374  00FB6E                     _OSCILLATOR_Initialize:
   375                           	opt stack 29
   376                           
   377                           ;mcc.c: 121: OSCCON = 0x60;
   378                           
   379                           ; BSR set to: 15
   380                           ;incstack = 0
   381  00FB6E  0E60               	movlw	96
   382  00FB70  6ED3               	movwf	4051,c	;volatile
   383                           
   384                           ;mcc.c: 123: OSCCON2 = 0x04;
   385  00FB72  0E04               	movlw	4
   386  00FB74  6ED2               	movwf	4050,c	;volatile
   387                           
   388                           ;mcc.c: 125: OSCTUNE = 0x40;
   389  00FB76  0E40               	movlw	64
   390  00FB78  6E9B               	movwf	3995,c	;volatile
   391  00FB7A                     
   392                           ;mcc.c: 128: {
   393  00FB7A  BED2               	btfsc	4050,7,c	;volatile
   394  00FB7C  0012               	return	
   395  00FB7E  D7FD               	goto	l19
   396  00FB80                     __end_of_OSCILLATOR_Initialize:
   397                           	opt stack 0
   398  0000                     intcon2	equ	0xFF1
   399                           wreg	equ	0xFE8
   400                           intcon2	equ	0xFF1
   401                           wreg	equ	0xFE8
   402                           
   403                           	psect	rparam
   404  0000                     intcon2	equ	0xFF1
   405                           wreg	equ	0xFE8


Data Sizes:
    Strings     0
    Constant    0
    Data        0
    BSS         0
    Persistent  0
    Stack       0

Auto Spaces:
    Space          Size  Autos    Used
    COMRAM           95      2       2
    BANK0           160      0       0
    BANK1           256      0       0
    BANK2           256      0       0
    BANK3           256      0       0
    BANK4           256      0       0
    BANK5           256      0       0
    BANK6           256      0       0
    BANK7           256      0       0
    BANK8           256      0       0
    BANK9           256      0       0
    BANK10          256      0       0
    BANK11          256      0       0
    BANK12          256      0       0
    BANK13          256      0       0
    BANK14          256      0       0
    BANK15           56      0       0

Pointer List with Targets:

    None.

Critical Paths under _main in COMRAM

    None.

Critical Paths under _main in BANK0

    None.

Critical Paths under _main in BANK1

    None.

Critical Paths under _main in BANK2

    None.

Critical Paths under _main in BANK3

    None.

Critical Paths under _main in BANK4

    None.

Critical Paths under _main in BANK5

    None.

Critical Paths under _main in BANK6

    None.

Critical Paths under _main in BANK7

    None.

Critical Paths under _main in BANK8

    None.

Critical Paths under _main in BANK9

    None.

Critical Paths under _main in BANK10

    None.

Critical Paths under _main in BANK11

    None.

Critical Paths under _main in BANK12

    None.

Critical Paths under _main in BANK13

    None.

Critical Paths under _main in BANK14

    None.

Critical Paths under _main in BANK15

    None.

Call Graph Tables:

 ---------------------------------------------------------------------------------
 (Depth) Function   	        Calls       Base Space   Used Autos Params    Refs
 ---------------------------------------------------------------------------------
 (0) _main                                                 2     2      0       0
                                              0 COMRAM     2     2      0
                  _SYSTEM_Initialize
 ---------------------------------------------------------------------------------
 (1) _SYSTEM_Initialize                                    0     0      0       0
              _OSCILLATOR_Initialize
             _PIN_MANAGER_Initialize
 ---------------------------------------------------------------------------------
 (2) _PIN_MANAGER_Initialize                               0     0      0       0
 ---------------------------------------------------------------------------------
 (2) _OSCILLATOR_Initialize                                0     0      0       0
 ---------------------------------------------------------------------------------
 Estimated maximum stack depth 2
 ---------------------------------------------------------------------------------

 Call Graph Graphs:

 _main (ROOT)
   _SYSTEM_Initialize
     _OSCILLATOR_Initialize
     _PIN_MANAGER_Initialize

 Address spaces:
Name               Size   Autos  Total    Cost      Usage
BITCOMRAM           5F      0       0       0        0.0%
EEDATA             400      0       0       0        0.0%
NULL                 0      0       0       0        0.0%
CODE                 0      0       0       0        0.0%
COMRAM              5F      2       2       1        2.1%
STACK                0      0       0       2        0.0%
DATA                 0      0       0       3        0.0%
BITBANK0            A0      0       0       4        0.0%
BANK0               A0      0       0       5        0.0%
BITBANK1           100      0       0       6        0.0%
BANK1              100      0       0       7        0.0%
BITBANK2           100      0       0       8        0.0%
BANK2              100      0       0       9        0.0%
BITBANK3           100      0       0      10        0.0%
BANK3              100      0       0      11        0.0%
ABS                  0      0       0      12        0.0%
BITBANK4           100      0       0      13        0.0%
BANK4              100      0       0      14        0.0%
BITBANK5           100      0       0      15        0.0%
BANK5              100      0       0      16        0.0%
BITBANK6           100      0       0      17        0.0%
BANK6              100      0       0      18        0.0%
BITBANK7           100      0       0      19        0.0%
BANK7              100      0       0      20        0.0%
BITBANK8           100      0       0      21        0.0%
BANK8              100      0       0      22        0.0%
BITBANK9           100      0       0      23        0.0%
BANK9              100      0       0      24        0.0%
BITBANK10          100      0       0      25        0.0%
BANK10             100      0       0      26        0.0%
BITBANK11          100      0       0      27        0.0%
BANK11             100      0       0      28        0.0%
BITBANK12          100      0       0      29        0.0%
BANK12             100      0       0      30        0.0%
BITBANK13          100      0       0      31        0.0%
BANK13             100      0       0      32        0.0%
BITBANK14          100      0       0      33        0.0%
BANK14             100      0       0      34        0.0%
BITBANK15           38      0       0      35        0.0%
BANK15              38      0       0      36        0.0%
BIGRAM             F37      0       0      37        0.0%
BITSFR_1             0      0       0     200        0.0%
SFR_1                0      0       0     200        0.0%
BITSFR               0      0       0     200        0.0%
SFR                  0      0       0     200        0.0%


Microchip Technology PIC18 Macro Assembler V1.43 build -156212558 
Symbol Table                                                                                   Fri Sep 08 12:09:36 2017

                             l19 FB7A                               l72 FB84  
                             u27 FB90                               u37 FBAA  
                   __CFG_CP0$OFF 000000                     __CFG_CP1$OFF 000000  
                   __CFG_CP2$OFF 000000                     __CFG_CP3$OFF 000000  
                   __CFG_CPB$OFF 000000                     __CFG_CPD$OFF 000000  
                            wreg 000FE8                     __CFG_LVP$OFF 000000  
                           _LATA 000F89                             _LATB 000F8A  
                           _LATC 000F8B                             _LATD 000F8C  
                           _LATE 000F8D                             _WPUB 000F61  
                           _main FB80                    __CFG_BORV$285 000000  
                           start 0000                    __CFG_IESO$OFF 000000  
                   ___param_bank 000000   __size_of_OSCILLATOR_Initialize 0012  
  __end_of_OSCILLATOR_Initialize FB80                            ?_main 0001  
                 __CFG_DEBUG$OFF 000000                            _TRISA 000F92  
                          _TRISB 000F93                            _TRISC 000F94  
                          _TRISD 000F95                            _TRISE 000F96  
                  __CFG_WRT0$OFF 000000                    __CFG_WRT1$OFF 000000  
                  __CFG_WRT2$OFF 000000                    __CFG_WRT3$OFF 000000  
                 __CFG_EBTR0$OFF 000000                   __CFG_FCMEN$OFF 000000  
                 __CFG_EBTR1$OFF 000000                   __CFG_EBTR2$OFF 000000  
                 __CFG_EBTR3$OFF 000000                    __CFG_WRTB$OFF 000000  
                  __CFG_WRTC$OFF 000000                    __CFG_WRTD$OFF 000000  
                 __CFG_EBTRB$OFF 000000               __CFG_MCLRE$EXTMCLR 000000  
                 __CFG_HFOFST$ON 000000                   __CFG_PBADEN$ON 000000  
                __initialization FB5E                     __end_of_main FBBA  
                         ??_main 0001                    __activetblptr 000000  
                         _ANSELA 000F38                           _ANSELB 000F39  
                         _ANSELC 000F3A                           _ANSELD 000F3B  
                         _ANSELE 000F3C                   __CFG_WDTEN$OFF 000000  
                         _OSCCON 000FD3                           _PLLRDY 007E97  
                 __CFG_XINST$OFF 000000                   __CFG_STVREN$ON 000000  
              _SYSTEM_Initialize FB64                       __accesstop 0060  
        __end_of__initialization FB5E               ?_SYSTEM_Initialize 0001  
                  ___rparam_used 000001                   __pcstackCOMRAM 0001  
            ??_SYSTEM_Initialize 0001        __end_of_SYSTEM_Initialize FB6E  
                __CFG_PLLCFG$OFF 000000               __CFG_CCP2MX$PORTC1 000000  
             __CFG_CCP3MX$PORTB5 000000                          _OSCCON2 000FD2  
                        _OSCTUNE 000F9B                  __CFG_PWRTEN$OFF 000000  
                        __Hparam 0000                          __Lparam 0000  
                        __pcinit FB5E                          __ramtop 1000  
                        __ptext0 FB80                          __ptext1 FB64  
                        __ptext2 FBBA                          __ptext3 FB6E  
          _OSCILLATOR_Initialize FB6E         ??_PIN_MANAGER_Initialize 0001  
     __size_of_SYSTEM_Initialize 000A             end_of_initialization FB5E  
         ?_OSCILLATOR_Initialize 0001              start_initialization FB5E  
__size_of_PIN_MANAGER_Initialize 0046           _PIN_MANAGER_Initialize FBBA  
               __CFG_PRICLKEN$ON 000000                         _LATDbits 000F8C  
               __CFG_WDTPS$32768 000000                      _INTCON2bits 000FF1  
                       __Hrparam 0000                         __Lrparam 0000  
             __CFG_BOREN$SBORDIS 000000                __CFG_P2BMX$PORTD2 000000  
        ??_OSCILLATOR_Initialize 0001                    __size_of_main 003A  
        ?_PIN_MANAGER_Initialize 0001                __CFG_T3CMX$PORTC0 000000  
 __end_of_PIN_MANAGER_Initialize FC00                __CFG_FOSC$INTIO67 000000  
