

Microchip Technology PIC18 LITE Macro Assembler V1.43 build -156212558 
                                                                                               Thu Sep 21 15:40:54 2017

Microchip Technology Omniscient Code Generator v1.43 (Free mode) build 201707250354
     1                           	processor	18F46K22
     2                           	fnconf	rparam,??,?,0
     3                           	opt	pw 120
     4                           	opt	lm
     5                           	psect	cinit,global,reloc=2,class=CODE,delta=1
     6                           	psect	cstackCOMRAM,global,class=COMRAM,space=1,delta=1,noexec
     7                           	psect	text0,global,reloc=2,class=CODE,delta=1
     8                           	psect	text1,global,reloc=2,class=CODE,delta=1
     9                           	psect	text2,global,reloc=2,class=CODE,delta=1
    10                           	psect	text3,global,reloc=2,class=CODE,delta=1
    11                           	psect	text4,global,reloc=2,class=CODE,delta=1
    12                           	psect	text5,global,reloc=2,class=CODE,delta=1
    13                           	psect	text6,global,reloc=2,class=CODE,delta=1
    14                           	psect	text7,global,reloc=2,class=CODE,delta=1
    15                           	psect	text8,global,reloc=2,class=CODE,delta=1
    16                           	psect	text9,global,reloc=2,class=CODE,delta=1
    17                           	psect	intcode,global,reloc=2,class=CODE,delta=1
    18                           	psect	text11,global,reloc=2,class=CODE,delta=1
    19                           	psect	text12,global,reloc=2,class=CODE,delta=1
    20                           	psect	text13,global,reloc=2,class=CODE,delta=1
    21                           	psect	intsave_regs,global,class=BIGRAM,space=1,delta=1,noexec
    22                           	psect	rparam,global,class=COMRAM,space=1,delta=1,noexec
    23                           	psect	temp,global,ovrld,common,class=COMRAM,space=1,delta=1
    24  0000                     
    25                           ; Version 1.43
    26                           ; Generated 25/07/2017 GMT
    27                           ; 
    28                           ; Copyright © 2017, Microchip Technology Inc. and its subsidiaries ("Microchip")
    29                           ; All rights reserved.
    30                           ; 
    31                           ; This software is developed by Microchip Technology Inc. and its subsidiaries ("Microch
      +                          ip").
    32                           ; 
    33                           ; Redistribution and use in source and binary forms, with or without modification, are
    34                           ; permitted provided that the following conditions are met:
    35                           ; 
    36                           ;     1. Redistributions of source code must retain the above copyright notice, this lis
      +                          t of
    37                           ;        conditions and the following disclaimer.
    38                           ; 
    39                           ;     2. Redistributions in binary form must reproduce the above copyright notice, this 
      +                          list
    40                           ;        of conditions and the following disclaimer in the documentation and/or other
    41                           ;        materials provided with the distribution.
    42                           ; 
    43                           ;     3. Microchip's name may not be used to endorse or promote products derived from th
      +                          is
    44                           ;        software without specific prior written permission.
    45                           ; 
    46                           ; THIS SOFTWARE IS PROVIDED BY MICROCHIP "AS IS" AND ANY EXPRESS OR IMPLIED WARRANTIES,
    47                           ; INCLUDING, BUT NOT LIMITED TO, THE IMPLIED WARRANTIES OF MERCHANTABILITY AND FITNESS F
      +                          OR
    48                           ; PURPOSE ARE DISCLAIMED.  IN NO EVENT SHALL MICROCHIP BE LIABLE FOR ANY DIRECT, INDIREC
      +                          T,
    49                           ; INCIDENTAL, SPECIAL, EXEMPLARY, OR CONSEQUENTIAL DAMAGES (INCLUDING BUT NOT LIMITED TO
    50                           ; PROCUREMENT OF SUBSTITUTE GOODS OR SERVICES; LOSS OF USE, DATA OR PROFITS; OR BUSINESS
    51                           ; INTERRUPTION) HOWSOEVER CAUSED AND ON ANY THEORY OF LIABILITY, WHETHER IN CONTRACT, ST
      +                          RICT
    52                           ; LIABILITY, OR TORT (INCLUDING NEGLIGENCE OR OTHERWISE) ARISING IN ANY WAY OUT OF THE U
      +                          SE OF
    53                           ; THIS SOFTWARE, EVEN IF ADVISED OF THE POSSIBILITY OF SUCH DAMAGE.
    54                           ; 
    55                           ; 
    56                           ; Code-generator required, PIC18F46K22 Definitions
    57                           ; 
    58                           ; SFR Addresses
    59  0000                     _T0CONbits	set	4053
    60  0000                     _TMR0L	set	4054
    61  0000                     _TMR0H	set	4055
    62  0000                     _OSCTUNEbits	set	3995
    63  0000                     _OSCCONbits	set	4051
    64  0000                     _INTCONbits	set	4082
    65  0000                     _RCONbits	set	4048
    66  0000                     _T0IE	set	32661
    67  0000                     _T0IF	set	32658
    68                           
    69                           ; #config settings
    70  0000                     
    71                           	psect	cinit
    72  00010C                     __pcinit:
    73                           	opt stack 0
    74  00010C                     start_initialization:
    75                           	opt stack 0
    76  00010C                     __initialization:
    77                           	opt stack 0
    78  00010C                     end_of_initialization:
    79                           	opt stack 0
    80  00010C                     __end_of__initialization:
    81                           	opt stack 0
    82  00010C  9017               	bcf	int$flags,0,c	;clear compiler interrupt flag (level 1)
    83  00010E  9217               	bcf	int$flags,1,c	;clear compiler interrupt flag (level 2)
    84  000110  0100               	movlb	0
    85  000112  EF8B  F000         	goto	_main	;jump to C main() function
    86                           
    87                           	psect	cstackCOMRAM
    88  000001                     __pcstackCOMRAM:
    89                           	opt stack 0
    90  000001                     i2Timer0_Recarga@ValorDeCarga:
    91                           	opt stack 0
    92                           
    93                           ; 2 bytes @ 0x0
    94  000001                     	ds	2
    95  000003                     ??_Isr_AltaPrioridade:
    96                           
    97                           ; 1 bytes @ 0x2
    98  000003                     	ds	18
    99  000015                     Timer0_Recarga@ValorDeCarga:
   100                           	opt stack 0
   101                           
   102                           ; 2 bytes @ 0x14
   103  000015                     	ds	2
   104  000017                     
   105                           ; 1 bytes @ 0x16
   106 ;;
   107 ;;Main: autosize = 0, tempsize = 0, incstack = 0, save=0
   108 ;;
   109 ;; *************** function _main *****************
   110 ;; Defined at:
   111 ;;		line 35 in file "Sistema.c"
   112 ;; Parameters:    Size  Location     Type
   113 ;;		None
   114 ;; Auto vars:     Size  Location     Type
   115 ;;		None
   116 ;; Return value:  Size  Location     Type
   117 ;;                  1    wreg      void 
   118 ;; Registers used:
   119 ;;		wreg, status,2, cstack
   120 ;; Tracked objects:
   121 ;;		On entry : 0/0
   122 ;;		On exit  : 0/0
   123 ;;		Unchanged: 0/0
   124 ;; Data sizes:     COMRAM   BANK0   BANK1   BANK2   BANK3   BANK4   BANK5   BANK6   BANK7   BANK8   BANK9  BANK10  BANK1
      +1  BANK12  BANK13  BANK14  BANK15
   125 ;;      Params:         0       0       0       0       0       0       0       0       0       0       0       0       
      +0       0       0       0       0
   126 ;;      Locals:         0       0       0       0       0       0       0       0       0       0       0       0       
      +0       0       0       0       0
   127 ;;      Temps:          0       0       0       0       0       0       0       0       0       0       0       0       
      +0       0       0       0       0
   128 ;;      Totals:         0       0       0       0       0       0       0       0       0       0       0       0       
      +0       0       0       0       0
   129 ;;Total ram usage:        0 bytes
   130 ;; Hardware stack levels required when called:    7
   131 ;; This function calls:
   132 ;;		_App_Monitor
   133 ;;		_Sistema_Inicializacao
   134 ;; This function is called by:
   135 ;;		Startup code after reset
   136 ;; This function uses a non-reentrant model
   137 ;;
   138                           
   139                           	psect	text0
   140  000116                     __ptext0:
   141                           	opt stack 0
   142  000116                     _main:
   143                           	opt stack 24
   144                           
   145                           ;Sistema.c: 37: Sistema_Inicializacao();
   146                           
   147                           ;incstack = 0
   148  000116  EC78  F000         	call	_Sistema_Inicializacao	;wreg free
   149  00011A                     
   150                           ;Sistema.c: 40: {
   151                           ;Sistema.c: 41: App_Monitor();
   152  00011A  EC9D  F000         	call	_App_Monitor	;wreg free
   153  00011E  D7FD               	goto	l22
   154  000120                     __end_of_main:
   155                           	opt stack 0
   156                           
   157 ;; *************** function _Sistema_Inicializacao *****************
   158 ;; Defined at:
   159 ;;		line 22 in file "Sistema.c"
   160 ;; Parameters:    Size  Location     Type
   161 ;;		None
   162 ;; Auto vars:     Size  Location     Type
   163 ;;		None
   164 ;; Return value:  Size  Location     Type
   165 ;;                  1    wreg      void 
   166 ;; Registers used:
   167 ;;		wreg, status,2, cstack
   168 ;; Tracked objects:
   169 ;;		On entry : 0/0
   170 ;;		On exit  : 0/0
   171 ;;		Unchanged: 0/0
   172 ;; Data sizes:     COMRAM   BANK0   BANK1   BANK2   BANK3   BANK4   BANK5   BANK6   BANK7   BANK8   BANK9  BANK10  BANK1
      +1  BANK12  BANK13  BANK14  BANK15
   173 ;;      Params:         0       0       0       0       0       0       0       0       0       0       0       0       
      +0       0       0       0       0
   174 ;;      Locals:         0       0       0       0       0       0       0       0       0       0       0       0       
      +0       0       0       0       0
   175 ;;      Temps:          0       0       0       0       0       0       0       0       0       0       0       0       
      +0       0       0       0       0
   176 ;;      Totals:         0       0       0       0       0       0       0       0       0       0       0       0       
      +0       0       0       0       0
   177 ;;Total ram usage:        0 bytes
   178 ;; Hardware stack levels used:    1
   179 ;; Hardware stack levels required when called:    6
   180 ;; This function calls:
   181 ;;		_App_Inicializacao
   182 ;;		_Cpu_InicializaInterrupcoes
   183 ;;		_Cpu_Inicializacao
   184 ;; This function is called by:
   185 ;;		_main
   186 ;; This function uses a non-reentrant model
   187 ;;
   188                           
   189                           	psect	text1
   190  0000F0                     __ptext1:
   191                           	opt stack 0
   192  0000F0                     _Sistema_Inicializacao:
   193                           	opt stack 24
   194                           
   195                           ;Sistema.c: 24: Cpu_Inicializacao();
   196                           
   197                           ;incstack = 0
   198  0000F0  EC90  F000         	call	_Cpu_Inicializacao	;wreg free
   199                           
   200                           ;Sistema.c: 25: App_Inicializacao();
   201  0000F4  EC9C  F000         	call	_App_Inicializacao	;wreg free
   202                           
   203                           ;Sistema.c: 26: Cpu_InicializaInterrupcoes();
   204  0000F8  EC95  F000         	call	_Cpu_InicializaInterrupcoes	;wreg free
   205  0000FC  0012               	return		;funcret
   206  0000FE                     __end_of_Sistema_Inicializacao:
   207                           	opt stack 0
   208                           
   209 ;; *************** function _Cpu_Inicializacao *****************
   210 ;; Defined at:
   211 ;;		line 25 in file "Cpu.c"
   212 ;; Parameters:    Size  Location     Type
   213 ;;		None
   214 ;; Auto vars:     Size  Location     Type
   215 ;;		None
   216 ;; Return value:  Size  Location     Type
   217 ;;                  1    wreg      void 
   218 ;; Registers used:
   219 ;;		wreg, status,2, cstack
   220 ;; Tracked objects:
   221 ;;		On entry : 0/0
   222 ;;		On exit  : 0/0
   223 ;;		Unchanged: 0/0
   224 ;; Data sizes:     COMRAM   BANK0   BANK1   BANK2   BANK3   BANK4   BANK5   BANK6   BANK7   BANK8   BANK9  BANK10  BANK1
      +1  BANK12  BANK13  BANK14  BANK15
   225 ;;      Params:         0       0       0       0       0       0       0       0       0       0       0       0       
      +0       0       0       0       0
   226 ;;      Locals:         0       0       0       0       0       0       0       0       0       0       0       0       
      +0       0       0       0       0
   227 ;;      Temps:          0       0       0       0       0       0       0       0       0       0       0       0       
      +0       0       0       0       0
   228 ;;      Totals:         0       0       0       0       0       0       0       0       0       0       0       0       
      +0       0       0       0       0
   229 ;;Total ram usage:        0 bytes
   230 ;; Hardware stack levels used:    1
   231 ;; Hardware stack levels required when called:    5
   232 ;; This function calls:
   233 ;;		_Oscilador_Inicializacao
   234 ;;		_Timer0_Inicializacao
   235 ;; This function is called by:
   236 ;;		_Sistema_Inicializacao
   237 ;; This function uses a non-reentrant model
   238 ;;
   239                           
   240                           	psect	text2
   241  000120                     __ptext2:
   242                           	opt stack 0
   243  000120                     _Cpu_Inicializacao:
   244                           	opt stack 24
   245                           
   246                           ;Cpu.c: 30: Oscilador_Inicializacao();
   247                           
   248                           ;incstack = 0
   249  000120  EC70  F000         	call	_Oscilador_Inicializacao	;wreg free
   250                           
   251                           ;Cpu.c: 51: Timer0_Inicializacao();
   252  000124  EC7F  F000         	call	_Timer0_Inicializacao	;wreg free
   253  000128  0012               	return		;funcret
   254  00012A                     __end_of_Cpu_Inicializacao:
   255                           	opt stack 0
   256                           
   257 ;; *************** function _Timer0_Inicializacao *****************
   258 ;; Defined at:
   259 ;;		line 38 in file "Timer0.c"
   260 ;; Parameters:    Size  Location     Type
   261 ;;		None
   262 ;; Auto vars:     Size  Location     Type
   263 ;;		None
   264 ;; Return value:  Size  Location     Type
   265 ;;                  1    wreg      void 
   266 ;; Registers used:
   267 ;;		wreg, status,2, cstack
   268 ;; Tracked objects:
   269 ;;		On entry : 0/0
   270 ;;		On exit  : 0/0
   271 ;;		Unchanged: 0/0
   272 ;; Data sizes:     COMRAM   BANK0   BANK1   BANK2   BANK3   BANK4   BANK5   BANK6   BANK7   BANK8   BANK9  BANK10  BANK1
      +1  BANK12  BANK13  BANK14  BANK15
   273 ;;      Params:         0       0       0       0       0       0       0       0       0       0       0       0       
      +0       0       0       0       0
   274 ;;      Locals:         0       0       0       0       0       0       0       0       0       0       0       0       
      +0       0       0       0       0
   275 ;;      Temps:          0       0       0       0       0       0       0       0       0       0       0       0       
      +0       0       0       0       0
   276 ;;      Totals:         0       0       0       0       0       0       0       0       0       0       0       0       
      +0       0       0       0       0
   277 ;;Total ram usage:        0 bytes
   278 ;; Hardware stack levels used:    1
   279 ;; Hardware stack levels required when called:    4
   280 ;; This function calls:
   281 ;;		_Timer0_Recarga
   282 ;; This function is called by:
   283 ;;		_Cpu_Inicializacao
   284 ;; This function uses a non-reentrant model
   285 ;;
   286                           
   287                           	psect	text3
   288  0000FE                     __ptext3:
   289                           	opt stack 0
   290  0000FE                     _Timer0_Inicializacao:
   291                           	opt stack 24
   292                           
   293                           ;Timer0.c: 40: {T0CONbits.T08BIT = 1; T0CONbits.PSA = 0;};
   294                           
   295                           ;incstack = 0
   296  0000FE  8CD5               	bsf	4053,6,c	;volatile
   297  000100  96D5               	bcf	4053,3,c	;volatile
   298                           
   299                           ;Timer0.c: 41: Timer0_Recarga();
   300  000102  EC53  F000         	call	_Timer0_Recarga	;wreg free
   301                           
   302                           ;Timer0.c: 48: INTCONbits.TMR0IE = 1;
   303  000106  8AF2               	bsf	intcon,5,c	;volatile
   304                           
   305                           ;Timer0.c: 51: T0CONbits.TMR0ON = 1;
   306  000108  8ED5               	bsf	4053,7,c	;volatile
   307  00010A  0012               	return		;funcret
   308  00010C                     __end_of_Timer0_Inicializacao:
   309                           	opt stack 0
   310                           intcon	equ	0xFF2
   311                           
   312 ;; *************** function _Timer0_Recarga *****************
   313 ;; Defined at:
   314 ;;		line 20 in file "Timer0.c"
   315 ;; Parameters:    Size  Location     Type
   316 ;;		None
   317 ;; Auto vars:     Size  Location     Type
   318 ;;  ValorDeCarga    2   20[COMRAM] struct .
   319 ;; Return value:  Size  Location     Type
   320 ;;                  1    wreg      void 
   321 ;; Registers used:
   322 ;;		wreg, status,2
   323 ;; Tracked objects:
   324 ;;		On entry : 0/0
   325 ;;		On exit  : 0/0
   326 ;;		Unchanged: 0/0
   327 ;; Data sizes:     COMRAM   BANK0   BANK1   BANK2   BANK3   BANK4   BANK5   BANK6   BANK7   BANK8   BANK9  BANK10  BANK1
      +1  BANK12  BANK13  BANK14  BANK15
   328 ;;      Params:         0       0       0       0       0       0       0       0       0       0       0       0       
      +0       0       0       0       0
   329 ;;      Locals:         2       0       0       0       0       0       0       0       0       0       0       0       
      +0       0       0       0       0
   330 ;;      Temps:          0       0       0       0       0       0       0       0       0       0       0       0       
      +0       0       0       0       0
   331 ;;      Totals:         2       0       0       0       0       0       0       0       0       0       0       0       
      +0       0       0       0       0
   332 ;;Total ram usage:        2 bytes
   333 ;; Hardware stack levels used:    1
   334 ;; Hardware stack levels required when called:    3
   335 ;; This function calls:
   336 ;;		Nothing
   337 ;; This function is called by:
   338 ;;		_Timer0_Inicializacao
   339 ;; This function uses a non-reentrant model
   340 ;;
   341                           
   342                           	psect	text4
   343  0000A6                     __ptext4:
   344                           	opt stack 0
   345  0000A6                     _Timer0_Recarga:
   346                           	opt stack 24
   347                           
   348                           ;Timer0.c: 22: Uint16 ValorDeCarga;
   349                           ;Timer0.c: 24: T0IF = 0;
   350                           
   351                           ;incstack = 0
   352  0000A6  94F2               	bcf	intcon,2,c	;volatile
   353                           
   354                           ;Timer0.c: 26: ValorDeCarga.valor = 65535 - 1000 * (8000000 * 4/4/1000000)/1 + 1;
   355  0000A8  0EE0               	movlw	224
   356  0000AA  6E16               	movwf	Timer0_Recarga@ValorDeCarga+1,c
   357  0000AC  0EC0               	movlw	192
   358  0000AE  6E15               	movwf	Timer0_Recarga@ValorDeCarga,c
   359                           
   360                           ;Timer0.c: 28: TMR0H = ValorDeCarga.bytes.byte1;
   361  0000B0  C016  FFD7         	movff	Timer0_Recarga@ValorDeCarga+1,4055	;volatile
   362                           
   363                           ;Timer0.c: 29: TMR0L = ValorDeCarga.bytes.byte0;
   364  0000B4  C015  FFD6         	movff	Timer0_Recarga@ValorDeCarga,4054	;volatile
   365  0000B8  0012               	return		;funcret
   366  0000BA                     __end_of_Timer0_Recarga:
   367                           	opt stack 0
   368                           intcon	equ	0xFF2
   369                           
   370 ;; *************** function _Oscilador_Inicializacao *****************
   371 ;; Defined at:
   372 ;;		line 40 in file "Oscilador.c"
   373 ;; Parameters:    Size  Location     Type
   374 ;;		None
   375 ;; Auto vars:     Size  Location     Type
   376 ;;		None
   377 ;; Return value:  Size  Location     Type
   378 ;;                  1    wreg      void 
   379 ;; Registers used:
   380 ;;		wreg, status,2
   381 ;; Tracked objects:
   382 ;;		On entry : 0/0
   383 ;;		On exit  : 0/0
   384 ;;		Unchanged: 0/0
   385 ;; Data sizes:     COMRAM   BANK0   BANK1   BANK2   BANK3   BANK4   BANK5   BANK6   BANK7   BANK8   BANK9  BANK10  BANK1
      +1  BANK12  BANK13  BANK14  BANK15
   386 ;;      Params:         0       0       0       0       0       0       0       0       0       0       0       0       
      +0       0       0       0       0
   387 ;;      Locals:         0       0       0       0       0       0       0       0       0       0       0       0       
      +0       0       0       0       0
   388 ;;      Temps:          0       0       0       0       0       0       0       0       0       0       0       0       
      +0       0       0       0       0
   389 ;;      Totals:         0       0       0       0       0       0       0       0       0       0       0       0       
      +0       0       0       0       0
   390 ;;Total ram usage:        0 bytes
   391 ;; Hardware stack levels used:    1
   392 ;; Hardware stack levels required when called:    3
   393 ;; This function calls:
   394 ;;		Nothing
   395 ;; This function is called by:
   396 ;;		_Cpu_Inicializacao
   397 ;; This function uses a non-reentrant model
   398 ;;
   399                           
   400                           	psect	text5
   401  0000E0                     __ptext5:
   402                           	opt stack 0
   403  0000E0                     _Oscilador_Inicializacao:
   404                           	opt stack 25
   405                           
   406                           ;Oscilador.c: 42: OSCCONbits.SCS = 0;
   407                           
   408                           ;incstack = 0
   409  0000E0  0EFC               	movlw	-4
   410  0000E2  16D3               	andwf	4051,f,c	;volatile
   411                           
   412                           ;Oscilador.c: 47: OSCCONbits.IRCF = 6;
   413  0000E4  50D3               	movf	4051,w,c	;volatile
   414  0000E6  0B8F               	andlw	-113
   415  0000E8  0960               	iorlw	96
   416  0000EA  6ED3               	movwf	4051,c	;volatile
   417                           
   418                           ;Oscilador.c: 86: OSCTUNEbits.PLLEN= 1;
   419  0000EC  8C9B               	bsf	3995,6,c	;volatile
   420  0000EE  0012               	return		;funcret
   421  0000F0                     __end_of_Oscilador_Inicializacao:
   422                           	opt stack 0
   423                           intcon	equ	0xFF2
   424                           
   425 ;; *************** function _Cpu_InicializaInterrupcoes *****************
   426 ;; Defined at:
   427 ;;		line 554 in file "Cpu.c"
   428 ;; Parameters:    Size  Location     Type
   429 ;;		None
   430 ;; Auto vars:     Size  Location     Type
   431 ;;		None
   432 ;; Return value:  Size  Location     Type
   433 ;;                  1    wreg      void 
   434 ;; Registers used:
   435 ;;		cstack
   436 ;; Tracked objects:
   437 ;;		On entry : 0/0
   438 ;;		On exit  : 0/0
   439 ;;		Unchanged: 0/0
   440 ;; Data sizes:     COMRAM   BANK0   BANK1   BANK2   BANK3   BANK4   BANK5   BANK6   BANK7   BANK8   BANK9  BANK10  BANK1
      +1  BANK12  BANK13  BANK14  BANK15
   441 ;;      Params:         0       0       0       0       0       0       0       0       0       0       0       0       
      +0       0       0       0       0
   442 ;;      Locals:         0       0       0       0       0       0       0       0       0       0       0       0       
      +0       0       0       0       0
   443 ;;      Temps:          0       0       0       0       0       0       0       0       0       0       0       0       
      +0       0       0       0       0
   444 ;;      Totals:         0       0       0       0       0       0       0       0       0       0       0       0       
      +0       0       0       0       0
   445 ;;Total ram usage:        0 bytes
   446 ;; Hardware stack levels used:    1
   447 ;; Hardware stack levels required when called:    4
   448 ;; This function calls:
   449 ;;		_Cpu_LigaInterrupcoes
   450 ;; This function is called by:
   451 ;;		_Sistema_Inicializacao
   452 ;; This function uses a non-reentrant model
   453 ;;
   454                           
   455                           	psect	text6
   456  00012A                     __ptext6:
   457                           	opt stack 0
   458  00012A                     _Cpu_InicializaInterrupcoes:
   459                           	opt stack 25
   460                           
   461                           ;Cpu.c: 562: RCONbits.IPEN = 0;
   462                           
   463                           ;incstack = 0
   464  00012A  9ED0               	bcf	4048,7,c	;volatile
   465                           
   466                           ;Cpu.c: 565: Cpu_LigaInterrupcoes();
   467  00012C  EC99  F000         	call	_Cpu_LigaInterrupcoes	;wreg free
   468  000130  0012               	return		;funcret
   469  000132                     __end_of_Cpu_InicializaInterrupcoes:
   470                           	opt stack 0
   471                           intcon	equ	0xFF2
   472                           
   473 ;; *************** function _Cpu_LigaInterrupcoes *****************
   474 ;; Defined at:
   475 ;;		line 786 in file "Cpu.c"
   476 ;; Parameters:    Size  Location     Type
   477 ;;		None
   478 ;; Auto vars:     Size  Location     Type
   479 ;;		None
   480 ;; Return value:  Size  Location     Type
   481 ;;                  1    wreg      void 
   482 ;; Registers used:
   483 ;;		None
   484 ;; Tracked objects:
   485 ;;		On entry : 0/0
   486 ;;		On exit  : 0/0
   487 ;;		Unchanged: 0/0
   488 ;; Data sizes:     COMRAM   BANK0   BANK1   BANK2   BANK3   BANK4   BANK5   BANK6   BANK7   BANK8   BANK9  BANK10  BANK1
      +1  BANK12  BANK13  BANK14  BANK15
   489 ;;      Params:         0       0       0       0       0       0       0       0       0       0       0       0       
      +0       0       0       0       0
   490 ;;      Locals:         0       0       0       0       0       0       0       0       0       0       0       0       
      +0       0       0       0       0
   491 ;;      Temps:          0       0       0       0       0       0       0       0       0       0       0       0       
      +0       0       0       0       0
   492 ;;      Totals:         0       0       0       0       0       0       0       0       0       0       0       0       
      +0       0       0       0       0
   493 ;;Total ram usage:        0 bytes
   494 ;; Hardware stack levels used:    1
   495 ;; Hardware stack levels required when called:    3
   496 ;; This function calls:
   497 ;;		Nothing
   498 ;; This function is called by:
   499 ;;		_Cpu_InicializaInterrupcoes
   500 ;; This function uses a non-reentrant model
   501 ;;
   502                           
   503                           	psect	text7
   504  000132                     __ptext7:
   505                           	opt stack 0
   506  000132                     _Cpu_LigaInterrupcoes:
   507                           	opt stack 25
   508                           
   509                           ;Cpu.c: 788: INTCONbits.GIEL = 1;
   510                           
   511                           ;incstack = 0
   512  000132  8CF2               	bsf	intcon,6,c	;volatile
   513                           
   514                           ;Cpu.c: 789: INTCONbits.GIEH = 1;
   515  000134  8EF2               	bsf	intcon,7,c	;volatile
   516  000136  0012               	return		;funcret
   517  000138                     __end_of_Cpu_LigaInterrupcoes:
   518                           	opt stack 0
   519                           intcon	equ	0xFF2
   520                           
   521 ;; *************** function _App_Inicializacao *****************
   522 ;; Defined at:
   523 ;;		line 17 in file "App.c"
   524 ;; Parameters:    Size  Location     Type
   525 ;;		None
   526 ;; Auto vars:     Size  Location     Type
   527 ;;		None
   528 ;; Return value:  Size  Location     Type
   529 ;;                  1    wreg      void 
   530 ;; Registers used:
   531 ;;		None
   532 ;; Tracked objects:
   533 ;;		On entry : 0/0
   534 ;;		On exit  : 0/0
   535 ;;		Unchanged: 0/0
   536 ;; Data sizes:     COMRAM   BANK0   BANK1   BANK2   BANK3   BANK4   BANK5   BANK6   BANK7   BANK8   BANK9  BANK10  BANK1
      +1  BANK12  BANK13  BANK14  BANK15
   537 ;;      Params:         0       0       0       0       0       0       0       0       0       0       0       0       
      +0       0       0       0       0
   538 ;;      Locals:         0       0       0       0       0       0       0       0       0       0       0       0       
      +0       0       0       0       0
   539 ;;      Temps:          0       0       0       0       0       0       0       0       0       0       0       0       
      +0       0       0       0       0
   540 ;;      Totals:         0       0       0       0       0       0       0       0       0       0       0       0       
      +0       0       0       0       0
   541 ;;Total ram usage:        0 bytes
   542 ;; Hardware stack levels used:    1
   543 ;; Hardware stack levels required when called:    3
   544 ;; This function calls:
   545 ;;		Nothing
   546 ;; This function is called by:
   547 ;;		_Sistema_Inicializacao
   548 ;; This function uses a non-reentrant model
   549 ;;
   550                           
   551                           	psect	text8
   552  000138                     __ptext8:
   553                           	opt stack 0
   554  000138                     _App_Inicializacao:
   555                           	opt stack 26
   556                           
   557                           ;incstack = 0
   558  000138  0012               	return		;funcret
   559  00013A                     __end_of_App_Inicializacao:
   560                           	opt stack 0
   561                           intcon	equ	0xFF2
   562                           
   563 ;; *************** function _App_Monitor *****************
   564 ;; Defined at:
   565 ;;		line 29 in file "App.c"
   566 ;; Parameters:    Size  Location     Type
   567 ;;		None
   568 ;; Auto vars:     Size  Location     Type
   569 ;;		None
   570 ;; Return value:  Size  Location     Type
   571 ;;                  1    wreg      void 
   572 ;; Registers used:
   573 ;;		None
   574 ;; Tracked objects:
   575 ;;		On entry : 0/0
   576 ;;		On exit  : 0/0
   577 ;;		Unchanged: 0/0
   578 ;; Data sizes:     COMRAM   BANK0   BANK1   BANK2   BANK3   BANK4   BANK5   BANK6   BANK7   BANK8   BANK9  BANK10  BANK1
      +1  BANK12  BANK13  BANK14  BANK15
   579 ;;      Params:         0       0       0       0       0       0       0       0       0       0       0       0       
      +0       0       0       0       0
   580 ;;      Locals:         0       0       0       0       0       0       0       0       0       0       0       0       
      +0       0       0       0       0
   581 ;;      Temps:          0       0       0       0       0       0       0       0       0       0       0       0       
      +0       0       0       0       0
   582 ;;      Totals:         0       0       0       0       0       0       0       0       0       0       0       0       
      +0       0       0       0       0
   583 ;;Total ram usage:        0 bytes
   584 ;; Hardware stack levels used:    1
   585 ;; Hardware stack levels required when called:    3
   586 ;; This function calls:
   587 ;;		Nothing
   588 ;; This function is called by:
   589 ;;		_main
   590 ;; This function uses a non-reentrant model
   591 ;;
   592                           
   593                           	psect	text9
   594  00013A                     __ptext9:
   595                           	opt stack 0
   596  00013A                     _App_Monitor:
   597                           	opt stack 27
   598                           
   599                           ;incstack = 0
   600  00013A  0012               	return		;funcret
   601  00013C                     __end_of_App_Monitor:
   602                           	opt stack 0
   603                           intcon	equ	0xFF2
   604                           
   605 ;; *************** function _Isr_AltaPrioridade *****************
   606 ;; Defined at:
   607 ;;		line 575 in file "Cpu.c"
   608 ;; Parameters:    Size  Location     Type
   609 ;;		None
   610 ;; Auto vars:     Size  Location     Type
   611 ;;		None
   612 ;; Return value:  Size  Location     Type
   613 ;;                  1    wreg      void 
   614 ;; Registers used:
   615 ;;		wreg, status,2, cstack
   616 ;; Tracked objects:
   617 ;;		On entry : 0/0
   618 ;;		On exit  : 0/0
   619 ;;		Unchanged: 0/0
   620 ;; Data sizes:     COMRAM   BANK0   BANK1   BANK2   BANK3   BANK4   BANK5   BANK6   BANK7   BANK8   BANK9  BANK10  BANK1
      +1  BANK12  BANK13  BANK14  BANK15
   621 ;;      Params:         0       0       0       0       0       0       0       0       0       0       0       0       
      +0       0       0       0       0
   622 ;;      Locals:         0       0       0       0       0       0       0       0       0       0       0       0       
      +0       0       0       0       0
   623 ;;      Temps:         18       0       0       0       0       0       0       0       0       0       0       0       
      +0       0       0       0       0
   624 ;;      Totals:        18       0       0       0       0       0       0       0       0       0       0       0       
      +0       0       0       0       0
   625 ;;Total ram usage:       18 bytes
   626 ;; Hardware stack levels used:    1
   627 ;; Hardware stack levels required when called:    2
   628 ;; This function calls:
   629 ;;		_Timer0_ServicoDeInterrupcao
   630 ;; This function is called by:
   631 ;;		Interrupt level 2
   632 ;; This function uses a non-reentrant model
   633 ;;
   634                           
   635                           	psect	intcode
   636  000008                     __pintcode:
   637                           	opt stack 0
   638  000008                     _Isr_AltaPrioridade:
   639                           	opt stack 24
   640                           
   641                           ;incstack = 0
   642  000008  8217               	bsf	btemp,1,c	;set compiler interrupt flag (level 2)
   643  00000A  CFFA F003          	movff	pclath,??_Isr_AltaPrioridade
   644  00000E  CFFB F004          	movff	pclatu,??_Isr_AltaPrioridade+1
   645  000012  CFE9 F005          	movff	fsr0l,??_Isr_AltaPrioridade+2
   646  000016  CFEA F006          	movff	fsr0h,??_Isr_AltaPrioridade+3
   647  00001A  CFE1 F007          	movff	fsr1l,??_Isr_AltaPrioridade+4
   648  00001E  CFE2 F008          	movff	fsr1h,??_Isr_AltaPrioridade+5
   649  000022  CFD9 F009          	movff	fsr2l,??_Isr_AltaPrioridade+6
   650  000026  CFDA F00A          	movff	fsr2h,??_Isr_AltaPrioridade+7
   651  00002A  CFF3 F00B          	movff	prodl,??_Isr_AltaPrioridade+8
   652  00002E  CFF4 F00C          	movff	prodh,??_Isr_AltaPrioridade+9
   653  000032  CFF6 F00D          	movff	tblptrl,??_Isr_AltaPrioridade+10
   654  000036  CFF7 F00E          	movff	tblptrh,??_Isr_AltaPrioridade+11
   655  00003A  CFF8 F00F          	movff	tblptru,??_Isr_AltaPrioridade+12
   656  00003E  CFF5 F010          	movff	tablat,??_Isr_AltaPrioridade+13
   657  000042  C017  F011         	movff	btemp,??_Isr_AltaPrioridade+14
   658  000046  C018  F012         	movff	btemp+1,??_Isr_AltaPrioridade+15
   659  00004A  C019  F013         	movff	btemp+2,??_Isr_AltaPrioridade+16
   660  00004E  C01A  F014         	movff	btemp+3,??_Isr_AltaPrioridade+17
   661                           
   662                           ;Cpu.c: 596: Timer0_ServicoDeInterrupcao();
   663  000052  EC67  F000         	call	_Timer0_ServicoDeInterrupcao	;wreg free
   664  000056  C014  F01A         	movff	??_Isr_AltaPrioridade+17,btemp+3
   665  00005A  C013  F019         	movff	??_Isr_AltaPrioridade+16,btemp+2
   666  00005E  C012  F018         	movff	??_Isr_AltaPrioridade+15,btemp+1
   667  000062  C011  F017         	movff	??_Isr_AltaPrioridade+14,btemp
   668  000066  C010  FFF5         	movff	??_Isr_AltaPrioridade+13,tablat
   669  00006A  C00F  FFF8         	movff	??_Isr_AltaPrioridade+12,tblptru
   670  00006E  C00E  FFF7         	movff	??_Isr_AltaPrioridade+11,tblptrh
   671  000072  C00D  FFF6         	movff	??_Isr_AltaPrioridade+10,tblptrl
   672  000076  C00C  FFF4         	movff	??_Isr_AltaPrioridade+9,prodh
   673  00007A  C00B  FFF3         	movff	??_Isr_AltaPrioridade+8,prodl
   674  00007E  C00A  FFDA         	movff	??_Isr_AltaPrioridade+7,fsr2h
   675  000082  C009  FFD9         	movff	??_Isr_AltaPrioridade+6,fsr2l
   676  000086  C008  FFE2         	movff	??_Isr_AltaPrioridade+5,fsr1h
   677  00008A  C007  FFE1         	movff	??_Isr_AltaPrioridade+4,fsr1l
   678  00008E  C006  FFEA         	movff	??_Isr_AltaPrioridade+3,fsr0h
   679  000092  C005  FFE9         	movff	??_Isr_AltaPrioridade+2,fsr0l
   680  000096  C004  FFFB         	movff	??_Isr_AltaPrioridade+1,pclatu
   681  00009A  C003  FFFA         	movff	??_Isr_AltaPrioridade,pclath
   682  00009E  9217               	bcf	btemp,1,c	;clear compiler interrupt flag (level 2)
   683  0000A0  0011               	retfie		f
   684  0000A2                     __end_of_Isr_AltaPrioridade:
   685                           	opt stack 0
   686                           pclatu	equ	0xFFB
   687                           pclath	equ	0xFFA
   688                           tblptru	equ	0xFF8
   689                           tblptrh	equ	0xFF7
   690                           tblptrl	equ	0xFF6
   691                           tablat	equ	0xFF5
   692                           prodh	equ	0xFF4
   693                           prodl	equ	0xFF3
   694                           intcon	equ	0xFF2
   695                           fsr0h	equ	0xFEA
   696                           fsr0l	equ	0xFE9
   697                           fsr1h	equ	0xFE2
   698                           fsr1l	equ	0xFE1
   699                           fsr2h	equ	0xFDA
   700                           fsr2l	equ	0xFD9
   701                           
   702 ;; *************** function _Timer0_ServicoDeInterrupcao *****************
   703 ;; Defined at:
   704 ;;		line 63 in file "Timer0.c"
   705 ;; Parameters:    Size  Location     Type
   706 ;;		None
   707 ;; Auto vars:     Size  Location     Type
   708 ;;		None
   709 ;; Return value:  Size  Location     Type
   710 ;;                  1    wreg      void 
   711 ;; Registers used:
   712 ;;		wreg, status,2, cstack
   713 ;; Tracked objects:
   714 ;;		On entry : 0/0
   715 ;;		On exit  : 0/0
   716 ;;		Unchanged: 0/0
   717 ;; Data sizes:     COMRAM   BANK0   BANK1   BANK2   BANK3   BANK4   BANK5   BANK6   BANK7   BANK8   BANK9  BANK10  BANK1
      +1  BANK12  BANK13  BANK14  BANK15
   718 ;;      Params:         0       0       0       0       0       0       0       0       0       0       0       0       
      +0       0       0       0       0
   719 ;;      Locals:         0       0       0       0       0       0       0       0       0       0       0       0       
      +0       0       0       0       0
   720 ;;      Temps:          0       0       0       0       0       0       0       0       0       0       0       0       
      +0       0       0       0       0
   721 ;;      Totals:         0       0       0       0       0       0       0       0       0       0       0       0       
      +0       0       0       0       0
   722 ;;Total ram usage:        0 bytes
   723 ;; Hardware stack levels used:    1
   724 ;; Hardware stack levels required when called:    1
   725 ;; This function calls:
   726 ;;		_Timer0_Tarefas
   727 ;;		i2_Timer0_Recarga
   728 ;; This function is called by:
   729 ;;		_Isr_AltaPrioridade
   730 ;; This function uses a non-reentrant model
   731 ;;
   732                           
   733                           	psect	text11
   734  0000CE                     __ptext11:
   735                           	opt stack 0
   736  0000CE                     _Timer0_ServicoDeInterrupcao:
   737                           	opt stack 24
   738                           
   739                           ;Timer0.c: 65: if (T0IE && T0IF)
   740                           
   741                           ;incstack = 0
   742  0000CE  AAF2               	btfss	intcon,5,c	;volatile
   743  0000D0  0012               	return	
   744  0000D2  A4F2               	btfss	intcon,2,c	;volatile
   745  0000D4  0012               	return	
   746                           
   747                           ;Timer0.c: 66: {
   748                           ;Timer0.c: 67: Timer0_Recarga();
   749  0000D6  EC5D  F000         	call	i2_Timer0_Recarga	;wreg free
   750                           
   751                           ;Timer0.c: 68: Timer0_Tarefas();
   752  0000DA  EC9E  F000         	call	_Timer0_Tarefas	;wreg free
   753  0000DE  0012               	return	
   754  0000E0                     __end_of_Timer0_ServicoDeInterrupcao:
   755                           	opt stack 0
   756                           pclatu	equ	0xFFB
   757                           pclath	equ	0xFFA
   758                           tblptru	equ	0xFF8
   759                           tblptrh	equ	0xFF7
   760                           tblptrl	equ	0xFF6
   761                           tablat	equ	0xFF5
   762                           prodh	equ	0xFF4
   763                           prodl	equ	0xFF3
   764                           intcon	equ	0xFF2
   765                           fsr0h	equ	0xFEA
   766                           fsr0l	equ	0xFE9
   767                           fsr1h	equ	0xFE2
   768                           fsr1l	equ	0xFE1
   769                           fsr2h	equ	0xFDA
   770                           fsr2l	equ	0xFD9
   771                           
   772 ;; *************** function i2_Timer0_Recarga *****************
   773 ;; Defined at:
   774 ;;		line 20 in file "Timer0.c"
   775 ;; Parameters:    Size  Location     Type
   776 ;;		None
   777 ;; Auto vars:     Size  Location     Type
   778 ;;  Timer0_Recar    2    0[COMRAM] struct .
   779 ;; Return value:  Size  Location     Type
   780 ;;                  1    wreg      void 
   781 ;; Registers used:
   782 ;;		wreg, status,2
   783 ;; Tracked objects:
   784 ;;		On entry : 0/0
   785 ;;		On exit  : 0/0
   786 ;;		Unchanged: 0/0
   787 ;; Data sizes:     COMRAM   BANK0   BANK1   BANK2   BANK3   BANK4   BANK5   BANK6   BANK7   BANK8   BANK9  BANK10  BANK1
      +1  BANK12  BANK13  BANK14  BANK15
   788 ;;      Params:         0       0       0       0       0       0       0       0       0       0       0       0       
      +0       0       0       0       0
   789 ;;      Locals:         2       0       0       0       0       0       0       0       0       0       0       0       
      +0       0       0       0       0
   790 ;;      Temps:          0       0       0       0       0       0       0       0       0       0       0       0       
      +0       0       0       0       0
   791 ;;      Totals:         2       0       0       0       0       0       0       0       0       0       0       0       
      +0       0       0       0       0
   792 ;;Total ram usage:        2 bytes
   793 ;; Hardware stack levels used:    1
   794 ;; This function calls:
   795 ;;		Nothing
   796 ;; This function is called by:
   797 ;;		_Timer0_ServicoDeInterrupcao
   798 ;; This function uses a non-reentrant model
   799 ;;
   800                           
   801                           	psect	text12
   802  0000BA                     __ptext12:
   803                           	opt stack 0
   804  0000BA                     i2_Timer0_Recarga:
   805                           	opt stack 24
   806                           
   807                           ;Timer0.c: 22: Uint16 ValorDeCarga;
   808                           ;Timer0.c: 24: T0IF = 0;
   809                           
   810                           ;incstack = 0
   811  0000BA  94F2               	bcf	intcon,2,c	;volatile
   812                           
   813                           ;Timer0.c: 26: ValorDeCarga.valor = 65535 - 1000 * (8000000 * 4/4/1000000)/1 + 1;
   814  0000BC  0EE0               	movlw	224
   815  0000BE  6E02               	movwf	i2Timer0_Recarga@ValorDeCarga+1,c
   816  0000C0  0EC0               	movlw	192
   817  0000C2  6E01               	movwf	i2Timer0_Recarga@ValorDeCarga,c
   818                           
   819                           ;Timer0.c: 28: TMR0H = ValorDeCarga.bytes.byte1;
   820  0000C4  C002  FFD7         	movff	i2Timer0_Recarga@ValorDeCarga+1,4055	;volatile
   821                           
   822                           ;Timer0.c: 29: TMR0L = ValorDeCarga.bytes.byte0;
   823  0000C8  C001  FFD6         	movff	i2Timer0_Recarga@ValorDeCarga,4054	;volatile
   824  0000CC  0012               	return		;funcret
   825  0000CE                     __end_ofi2_Timer0_Recarga:
   826                           	opt stack 0
   827                           pclatu	equ	0xFFB
   828                           pclath	equ	0xFFA
   829                           tblptru	equ	0xFF8
   830                           tblptrh	equ	0xFF7
   831                           tblptrl	equ	0xFF6
   832                           tablat	equ	0xFF5
   833                           prodh	equ	0xFF4
   834                           prodl	equ	0xFF3
   835                           intcon	equ	0xFF2
   836                           fsr0h	equ	0xFEA
   837                           fsr0l	equ	0xFE9
   838                           fsr1h	equ	0xFE2
   839                           fsr1l	equ	0xFE1
   840                           fsr2h	equ	0xFDA
   841                           fsr2l	equ	0xFD9
   842                           
   843 ;; *************** function _Timer0_Tarefas *****************
   844 ;; Defined at:
   845 ;;		line 14 in file "Timer0 Tarefas.c"
   846 ;; Parameters:    Size  Location     Type
   847 ;;		None
   848 ;; Auto vars:     Size  Location     Type
   849 ;;		None
   850 ;; Return value:  Size  Location     Type
   851 ;;                  1    wreg      void 
   852 ;; Registers used:
   853 ;;		None
   854 ;; Tracked objects:
   855 ;;		On entry : 0/0
   856 ;;		On exit  : 0/0
   857 ;;		Unchanged: 0/0
   858 ;; Data sizes:     COMRAM   BANK0   BANK1   BANK2   BANK3   BANK4   BANK5   BANK6   BANK7   BANK8   BANK9  BANK10  BANK1
      +1  BANK12  BANK13  BANK14  BANK15
   859 ;;      Params:         0       0       0       0       0       0       0       0       0       0       0       0       
      +0       0       0       0       0
   860 ;;      Locals:         0       0       0       0       0       0       0       0       0       0       0       0       
      +0       0       0       0       0
   861 ;;      Temps:          0       0       0       0       0       0       0       0       0       0       0       0       
      +0       0       0       0       0
   862 ;;      Totals:         0       0       0       0       0       0       0       0       0       0       0       0       
      +0       0       0       0       0
   863 ;;Total ram usage:        0 bytes
   864 ;; Hardware stack levels used:    1
   865 ;; This function calls:
   866 ;;		Nothing
   867 ;; This function is called by:
   868 ;;		_Timer0_ServicoDeInterrupcao
   869 ;; This function uses a non-reentrant model
   870 ;;
   871                           
   872                           	psect	text13
   873  00013C                     __ptext13:
   874                           	opt stack 0
   875  00013C                     _Timer0_Tarefas:
   876                           	opt stack 24
   877                           
   878                           ;incstack = 0
   879  00013C  0012               	return		;funcret
   880  00013E                     __end_of_Timer0_Tarefas:
   881                           	opt stack 0
   882  0000                     pclatu	equ	0xFFB
   883                           pclath	equ	0xFFA
   884                           tblptru	equ	0xFF8
   885                           tblptrh	equ	0xFF7
   886                           tblptrl	equ	0xFF6
   887                           tablat	equ	0xFF5
   888                           prodh	equ	0xFF4
   889                           prodl	equ	0xFF3
   890                           intcon	equ	0xFF2
   891                           fsr0h	equ	0xFEA
   892                           fsr0l	equ	0xFE9
   893                           fsr1h	equ	0xFE2
   894                           fsr1l	equ	0xFE1
   895                           fsr2h	equ	0xFDA
   896                           fsr2l	equ	0xFD9
   897                           pclatu	equ	0xFFB
   898                           pclath	equ	0xFFA
   899                           tblptru	equ	0xFF8
   900                           tblptrh	equ	0xFF7
   901                           tblptrl	equ	0xFF6
   902                           tablat	equ	0xFF5
   903                           prodh	equ	0xFF4
   904                           prodl	equ	0xFF3
   905                           intcon	equ	0xFF2
   906                           fsr0h	equ	0xFEA
   907                           fsr0l	equ	0xFE9
   908                           fsr1h	equ	0xFE2
   909                           fsr1l	equ	0xFE1
   910                           fsr2h	equ	0xFDA
   911                           fsr2l	equ	0xFD9
   912                           
   913                           	psect	rparam
   914  0000                     pclatu	equ	0xFFB
   915                           pclath	equ	0xFFA
   916                           tblptru	equ	0xFF8
   917                           tblptrh	equ	0xFF7
   918                           tblptrl	equ	0xFF6
   919                           tablat	equ	0xFF5
   920                           prodh	equ	0xFF4
   921                           prodl	equ	0xFF3
   922                           intcon	equ	0xFF2
   923                           fsr0h	equ	0xFEA
   924                           fsr0l	equ	0xFE9
   925                           fsr1h	equ	0xFE2
   926                           fsr1l	equ	0xFE1
   927                           fsr2h	equ	0xFDA
   928                           fsr2l	equ	0xFD9
   929                           
   930                           	psect	temp
   931  000017                     btemp:
   932                           	opt stack 0
   933  000017                     	ds	1
   934  0000                     int$flags	set	btemp
   935  0000                     wtemp6	set	btemp+1
   936                           pclatu	equ	0xFFB
   937                           pclath	equ	0xFFA
   938                           tblptru	equ	0xFF8
   939                           tblptrh	equ	0xFF7
   940                           tblptrl	equ	0xFF6
   941                           tablat	equ	0xFF5
   942                           prodh	equ	0xFF4
   943                           prodl	equ	0xFF3
   944                           intcon	equ	0xFF2
   945                           fsr0h	equ	0xFEA
   946                           fsr0l	equ	0xFE9
   947                           fsr1h	equ	0xFE2
   948                           fsr1l	equ	0xFE1
   949                           fsr2h	equ	0xFDA
   950                           fsr2l	equ	0xFD9


Data Sizes:
    Strings     0
    Constant    0
    Data        0
    BSS         0
    Persistent  0
    Stack       0

Auto Spaces:
    Space          Size  Autos    Used
    COMRAM           94     22      22
    BANK0           160      0       0
    BANK1           256      0       0
    BANK2           256      0       0
    BANK3           256      0       0
    BANK4           256      0       0
    BANK5           256      0       0
    BANK6           256      0       0
    BANK7           256      0       0
    BANK8           256      0       0
    BANK9           256      0       0
    BANK10          256      0       0
    BANK11          256      0       0
    BANK12          256      0       0
    BANK13          256      0       0
    BANK14          256      0       0
    BANK15           56      0       0

Pointer List with Targets:

    None.

Critical Paths under _main in COMRAM

    _Timer0_Inicializacao->_Timer0_Recarga

Critical Paths under _Isr_AltaPrioridade in COMRAM

    _Timer0_ServicoDeInterrupcao->i2_Timer0_Recarga

Critical Paths under _main in BANK0

    None.

Critical Paths under _Isr_AltaPrioridade in BANK0

    None.

Critical Paths under _main in BANK1

    None.

Critical Paths under _Isr_AltaPrioridade in BANK1

    None.

Critical Paths under _main in BANK2

    None.

Critical Paths under _Isr_AltaPrioridade in BANK2

    None.

Critical Paths under _main in BANK3

    None.

Critical Paths under _Isr_AltaPrioridade in BANK3

    None.

Critical Paths under _main in BANK4

    None.

Critical Paths under _Isr_AltaPrioridade in BANK4

    None.

Critical Paths under _main in BANK5

    None.

Critical Paths under _Isr_AltaPrioridade in BANK5

    None.

Critical Paths under _main in BANK6

    None.

Critical Paths under _Isr_AltaPrioridade in BANK6

    None.

Critical Paths under _main in BANK7

    None.

Critical Paths under _Isr_AltaPrioridade in BANK7

    None.

Critical Paths under _main in BANK8

    None.

Critical Paths under _Isr_AltaPrioridade in BANK8

    None.

Critical Paths under _main in BANK9

    None.

Critical Paths under _Isr_AltaPrioridade in BANK9

    None.

Critical Paths under _main in BANK10

    None.

Critical Paths under _Isr_AltaPrioridade in BANK10

    None.

Critical Paths under _main in BANK11

    None.

Critical Paths under _Isr_AltaPrioridade in BANK11

    None.

Critical Paths under _main in BANK12

    None.

Critical Paths under _Isr_AltaPrioridade in BANK12

    None.

Critical Paths under _main in BANK13

    None.

Critical Paths under _Isr_AltaPrioridade in BANK13

    None.

Critical Paths under _main in BANK14

    None.

Critical Paths under _Isr_AltaPrioridade in BANK14

    None.

Critical Paths under _main in BANK15

    None.

Critical Paths under _Isr_AltaPrioridade in BANK15

    None.

Call Graph Tables:

 ---------------------------------------------------------------------------------
 (Depth) Function   	        Calls       Base Space   Used Autos Params    Refs
 ---------------------------------------------------------------------------------
 (0) _main                                                 0     0      0      30
                        _App_Monitor
              _Sistema_Inicializacao
 ---------------------------------------------------------------------------------
 (1) _Sistema_Inicializacao                                0     0      0      30
                  _App_Inicializacao
         _Cpu_InicializaInterrupcoes
                  _Cpu_Inicializacao
 ---------------------------------------------------------------------------------
 (2) _Cpu_Inicializacao                                    0     0      0      30
            _Oscilador_Inicializacao
               _Timer0_Inicializacao
 ---------------------------------------------------------------------------------
 (3) _Timer0_Inicializacao                                 0     0      0      30
                     _Timer0_Recarga
 ---------------------------------------------------------------------------------
 (4) _Timer0_Recarga                                       2     2      0      30
                                             20 COMRAM     2     2      0
 ---------------------------------------------------------------------------------
 (3) _Oscilador_Inicializacao                              0     0      0       0
 ---------------------------------------------------------------------------------
 (2) _Cpu_InicializaInterrupcoes                           0     0      0       0
               _Cpu_LigaInterrupcoes
 ---------------------------------------------------------------------------------
 (3) _Cpu_LigaInterrupcoes                                 0     0      0       0
 ---------------------------------------------------------------------------------
 (2) _App_Inicializacao                                    0     0      0       0
 ---------------------------------------------------------------------------------
 (1) _App_Monitor                                          0     0      0       0
 ---------------------------------------------------------------------------------
 Estimated maximum stack depth 4
 ---------------------------------------------------------------------------------
 (Depth) Function   	        Calls       Base Space   Used Autos Params    Refs
 ---------------------------------------------------------------------------------
 (5) _Isr_AltaPrioridade                                  18    18      0      30
                                              2 COMRAM    18    18      0
        _Timer0_ServicoDeInterrupcao
 ---------------------------------------------------------------------------------
 (6) _Timer0_ServicoDeInterrupcao                          0     0      0      30
                     _Timer0_Tarefas
                   i2_Timer0_Recarga
 ---------------------------------------------------------------------------------
 (7) i2_Timer0_Recarga                                     2     2      0      30
                                              0 COMRAM     2     2      0
 ---------------------------------------------------------------------------------
 (7) _Timer0_Tarefas                                       0     0      0       0
 ---------------------------------------------------------------------------------
 Estimated maximum stack depth 7
 ---------------------------------------------------------------------------------

 Call Graph Graphs:

 _main (ROOT)
   _App_Monitor
   _Sistema_Inicializacao
     _App_Inicializacao
     _Cpu_InicializaInterrupcoes
       _Cpu_LigaInterrupcoes
     _Cpu_Inicializacao
       _Oscilador_Inicializacao
       _Timer0_Inicializacao
         _Timer0_Recarga

 _Isr_AltaPrioridade (ROOT)
   _Timer0_ServicoDeInterrupcao
     _Timer0_Tarefas
     i2_Timer0_Recarga

 Address spaces:
Name               Size   Autos  Total    Cost      Usage
BITCOMRAM           5E      0       0       0        0.0%
EEDATA             400      0       0       0        0.0%
NULL                 0      0       0       0        0.0%
CODE                 0      0       0       0        0.0%
COMRAM              5E     16      16       1       23.4%
STACK                0      0       0       2        0.0%
DATA                 0      0       0       3        0.0%
BITBANK0            A0      0       0       4        0.0%
BANK0               A0      0       0       5        0.0%
BITBANK1           100      0       0       6        0.0%
BANK1              100      0       0       7        0.0%
BITBANK2           100      0       0       8        0.0%
BANK2              100      0       0       9        0.0%
BITBANK3           100      0       0      10        0.0%
BANK3              100      0       0      11        0.0%
ABS                  0      0       0      12        0.0%
BITBANK4           100      0       0      13        0.0%
BANK4              100      0       0      14        0.0%
BITBANK5           100      0       0      15        0.0%
BANK5              100      0       0      16        0.0%
BITBANK6           100      0       0      17        0.0%
BANK6              100      0       0      18        0.0%
BITBANK7           100      0       0      19        0.0%
BANK7              100      0       0      20        0.0%
BITBANK8           100      0       0      21        0.0%
BANK8              100      0       0      22        0.0%
BITBANK9           100      0       0      23        0.0%
BANK9              100      0       0      24        0.0%
BITBANK10          100      0       0      25        0.0%
BANK10             100      0       0      26        0.0%
BITBANK11          100      0       0      27        0.0%
BANK11             100      0       0      28        0.0%
BITBANK12          100      0       0      29        0.0%
BANK12             100      0       0      30        0.0%
BITBANK13          100      0       0      31        0.0%
BANK13             100      0       0      32        0.0%
BITBANK14          100      0       0      33        0.0%
BANK14             100      0       0      34        0.0%
BITBANK15           38      0       0      35        0.0%
BANK15              38      0       0      36        0.0%
BIGRAM             F37      0       0      37        0.0%
BITSFR_1             0      0       0     200        0.0%
SFR_1                0      0       0     200        0.0%
BITSFR               0      0       0     200        0.0%
SFR                  0      0       0     200        0.0%


Microchip Technology PIC18 Macro Assembler V1.43 build -156212558 
Symbol Table                                                                                   Thu Sep 21 15:40:54 2017

                                  l22 011A                      i2_Timer0_Recarga 00BA  
                 __end_of_App_Monitor 013C                                  _T0IE 007F95  
                                _T0IF 007F92   __size_of_Cpu_InicializaInterrupcoes 0008  
                       __CFG_FCMEN$ON 000000         __size_of_Cpu_LigaInterrupcoes 0006  
                                _main 0116                                  fsr0h 000FEA  
                                fsr1h 000FE2                                  fsr2h 000FDA  
                                fsr0l 000FE9                                  fsr1l 000FE1  
                                fsr2l 000FD9                                  btemp 0017  
                                prodh 000FF4                                  prodl 000FF3  
                                start 00A2                         __CFG_IESO$OFF 000000  
                        ___param_bank 000000                                 ?_main 0001  
                               _TMR0H 000FD7                                 _TMR0L 000FD6  
        ?_Timer0_ServicoDeInterrupcao 0001                                 pclath 000FFA  
                               tablat 000FF5                  _Timer0_Inicializacao 00FE  
                               wtemp6 0018              ?_Oscilador_Inicializacao 0001  
                     __initialization 010C                           _App_Monitor 013A  
                        __end_of_main 0120                                ??_main 0017  
                       __activetblptr 000000                        _Timer0_Recarga 00A6  
       ??_Timer0_ServicoDeInterrupcao 0003                        _Timer0_Tarefas 013C  
               ?_Timer0_Inicializacao 0001                    _Isr_AltaPrioridade 0008  
                 ?_Isr_AltaPrioridade 0001                                tblptrh 000FF7  
                              tblptrl 000FF6                                tblptru 000FF8  
              __end_of_Timer0_Recarga 00BA                __end_of_Timer0_Tarefas 013E  
            __end_ofi2_Timer0_Recarga 00CE                            __accesstop 0060  
             __end_of__initialization 010C       __end_of_Oscilador_Inicializacao 00F0  
                       ___rparam_used 000001                  ??_Isr_AltaPrioridade 0003  
                      __pcstackCOMRAM 0001        __size_of_Sistema_Inicializacao 000E  
       __end_of_Sistema_Inicializacao 00FE                     _App_Inicializacao 0138  
                  ?_App_Inicializacao 0001                       ?_Timer0_Recarga 0001  
                     ?_Timer0_Tarefas 0001                   ??_App_Inicializacao 0015  
              ??_Timer0_Inicializacao 0017                       __CFG_PLLCFG$OFF 000000  
           __end_of_App_Inicializacao 013A          __end_of_Cpu_LigaInterrupcoes 0138  
                             __Hparam 0000                               __Lparam 0000  
                        ?_App_Monitor 0001          ??_Cpu_InicializaInterrupcoes 0015  
                             __pcinit 010C                               __ramtop 1000  
                             __ptext0 0116                               __ptext1 00F0  
                             __ptext2 0120                               __ptext3 00FE  
                             __ptext4 00A6                               __ptext5 00E0  
                             __ptext6 012A                               __ptext7 0132  
                             __ptext8 0138                               __ptext9 013A  
                           _T0CONbits 000FD5      __size_of_Oscilador_Inicializacao 0010  
                end_of_initialization 010C            __size_of_App_Inicializacao 0002  
                    __CFG_FOSC$INTIO7 000000          i2Timer0_Recarga@ValorDeCarga 0001  
                   ?i2_Timer0_Recarga 0001                  _Cpu_LigaInterrupcoes 0132  
                  ??i2_Timer0_Recarga 0001                      ??_Timer0_Recarga 0015  
                    ??_Timer0_Tarefas 0001                   start_initialization 010C  
 __end_of_Timer0_ServicoDeInterrupcao 00E0           _Timer0_ServicoDeInterrupcao 00CE  
               ?_Cpu_LigaInterrupcoes 0001           __size_of_Isr_AltaPrioridade 009A  
  __end_of_Cpu_InicializaInterrupcoes 0132            _Cpu_InicializaInterrupcoes 012A  
                __size_of_App_Monitor 0002                 _Sistema_Inicializacao 00F0  
             _Oscilador_Inicializacao 00E0         __size_of_Timer0_Inicializacao 000E  
                           __pintcode 0008                      __CFG_PRICLKEN$ON 000000  
              ??_Cpu_LigaInterrupcoes 0015                              _RCONbits 000FD0  
              ?_Sistema_Inicializacao 0001             ??_Oscilador_Inicializacao 0015  
                            __Hrparam 0000                              __Lrparam 0000  
                   _Cpu_Inicializacao 0120                    ?_Cpu_Inicializacao 0001  
           __size_ofi2_Timer0_Recarga 0014                   ??_Cpu_Inicializacao 0017  
                            __ptext11 00CE                              __ptext12 00BA  
                            __ptext13 013C                         __size_of_main 000A  
__size_of_Timer0_ServicoDeInterrupcao 0012             __end_of_Cpu_Inicializacao 012A  
                            int$flags 0017           ?_Cpu_InicializaInterrupcoes 0001  
                         _OSCTUNEbits 000F9B                            _INTCONbits 000FF2  
                            intlevel2 0000            __end_of_Isr_AltaPrioridade 00A2  
                          _OSCCONbits 000FD3                         ??_App_Monitor 0015  
        __end_of_Timer0_Inicializacao 010C               __size_of_Timer0_Recarga 0014  
             __size_of_Timer0_Tarefas 0002            Timer0_Recarga@ValorDeCarga 0015  
             ??_Sistema_Inicializacao 0017            __size_of_Cpu_Inicializacao 000A  
